<?xml version="1.0" encoding="UTF-8"?>
<testng-results ignored="0" total="2" passed="2" failed="0" skipped="0">
  <reporter-output>
  </reporter-output>
  <suite started-at="2023-04-21T06:33:41 IST" name="Default suite" finished-at="2023-04-21T06:33:58 IST" duration-ms="16704">
    <groups>
    </groups>
    <test started-at="2023-04-21T06:33:41 IST" name="Default test" finished-at="2023-04-21T06:33:58 IST" duration-ms="16704">
      <class name="april3.AdvanceReports">
        <test-method is-config="true" signature="generateReport()[pri:0, instance:april3.AdvanceReports@6ef888f6]" started-at="2023-04-21T06:33:41 IST" name="generateReport" finished-at="2023-04-21T06:33:41 IST" duration-ms="133" status="PASS">
          <reporter-output>
          </reporter-output>
        </test-method> <!-- generateReport -->
        <test-method is-config="true" signature="setUp()[pri:0, instance:april3.AdvanceReports@6ef888f6]" started-at="2023-04-21T06:33:41 IST" name="setUp" finished-at="2023-04-21T06:33:51 IST" duration-ms="9767" status="PASS">
          <reporter-output>
          </reporter-output>
        </test-method> <!-- setUp -->
        <test-method signature="testcase1()[pri:0, instance:april3.AdvanceReports@6ef888f6]" started-at="2023-04-21T06:33:51 IST" name="testcase1" finished-at="2023-04-21T06:33:51 IST" duration-ms="16" status="PASS">
          <reporter-output>
          </reporter-output>
        </test-method> <!-- testcase1 -->
        <test-method is-config="true" signature="teardown()[pri:0, instance:april3.AdvanceReports@6ef888f6]" started-at="2023-04-21T06:33:51 IST" name="teardown" finished-at="2023-04-21T06:33:51 IST" duration-ms="366" status="PASS">
          <reporter-output>
          </reporter-output>
        </test-method> <!-- teardown -->
        <test-method is-config="true" signature="setUp()[pri:0, instance:april3.AdvanceReports@6ef888f6]" started-at="2023-04-21T06:33:51 IST" name="setUp" finished-at="2023-04-21T06:33:57 IST" duration-ms="6195" status="PASS">
          <reporter-output>
          </reporter-output>
        </test-method> <!-- setUp -->
        <test-method signature="testcase2()[pri:0, instance:april3.AdvanceReports@6ef888f6]" started-at="2023-04-21T06:33:57 IST" name="testcase2" finished-at="2023-04-21T06:33:57 IST" duration-ms="7" status="PASS">
          <reporter-output>
          </reporter-output>
        </test-method> <!-- testcase2 -->
        <test-method is-config="true" signature="teardown()[pri:0, instance:april3.AdvanceReports@6ef888f6]" started-at="2023-04-21T06:33:57 IST" name="teardown" finished-at="2023-04-21T06:33:58 IST" duration-ms="194" status="PASS">
          <reporter-output>
          </reporter-output>
        </test-method> <!-- teardown -->
      </class> <!-- april3.AdvanceReports -->
    </test> <!-- Default test -->
  </suite> <!-- Default suite -->
</testng-results>
