<?xml version="1.0" encoding="UTF-8"?>
<testng-results ignored="0" total="2" passed="2" failed="0" skipped="0">
  <reporter-output>
  </reporter-output>
  <suite started-at="2023-04-21T07:27:39 IST" name="Default suite" finished-at="2023-04-21T07:27:52 IST" duration-ms="13397">
    <groups>
    </groups>
    <test started-at="2023-04-21T07:27:39 IST" name="Default test" finished-at="2023-04-21T07:27:52 IST" duration-ms="13397">
      <class name="april3.AdvanceReports">
        <test-method is-config="true" signature="generateReport()[pri:0, instance:april3.AdvanceReports@6ef888f6]" started-at="2023-04-21T07:27:39 IST" name="generateReport" finished-at="2023-04-21T07:27:39 IST" duration-ms="139" status="PASS">
          <reporter-output>
          </reporter-output>
        </test-method> <!-- generateReport -->
        <test-method is-config="true" signature="setUp()[pri:0, instance:april3.AdvanceReports@6ef888f6]" started-at="2023-04-21T07:27:39 IST" name="setUp" finished-at="2023-04-21T07:27:46 IST" duration-ms="6381" status="PASS">
          <reporter-output>
          </reporter-output>
        </test-method> <!-- setUp -->
        <test-method signature="testcase1()[pri:0, instance:april3.AdvanceReports@6ef888f6]" started-at="2023-04-21T07:27:46 IST" name="testcase1" finished-at="2023-04-21T07:27:46 IST" duration-ms="15" status="PASS">
          <reporter-output>
          </reporter-output>
        </test-method> <!-- testcase1 -->
        <test-method is-config="true" signature="teardown()[pri:0, instance:april3.AdvanceReports@6ef888f6]" started-at="2023-04-21T07:27:46 IST" name="teardown" finished-at="2023-04-21T07:27:46 IST" duration-ms="319" status="PASS">
          <reporter-output>
          </reporter-output>
        </test-method> <!-- teardown -->
        <test-method is-config="true" signature="setUp()[pri:0, instance:april3.AdvanceReports@6ef888f6]" started-at="2023-04-21T07:27:46 IST" name="setUp" finished-at="2023-04-21T07:27:52 IST" duration-ms="6333" status="PASS">
          <reporter-output>
          </reporter-output>
        </test-method> <!-- setUp -->
        <test-method signature="testcase2()[pri:0, instance:april3.AdvanceReports@6ef888f6]" started-at="2023-04-21T07:27:52 IST" name="testcase2" finished-at="2023-04-21T07:27:52 IST" duration-ms="7" status="PASS">
          <reporter-output>
          </reporter-output>
        </test-method> <!-- testcase2 -->
        <test-method is-config="true" signature="teardown()[pri:0, instance:april3.AdvanceReports@6ef888f6]" started-at="2023-04-21T07:27:52 IST" name="teardown" finished-at="2023-04-21T07:27:52 IST" duration-ms="176" status="PASS">
          <reporter-output>
          </reporter-output>
        </test-method> <!-- teardown -->
      </class> <!-- april3.AdvanceReports -->
    </test> <!-- Default test -->
  </suite> <!-- Default suite -->
</testng-results>
